# JRE version: OpenJDK Runtime Environment (8.0_242-b01) (build 1.8.0_242-release-1644-b01)
# Java VM: OpenJDK 64-Bit Server VM (25.242-b01 mixed mode windows-amd64 compressed oops)
Heap:
 PSYoungGen      total 233984K, used 233269K [0x00000000d5580000, 0x00000000e5480000, 0x0000000100000000)
  eden space 213504K, 99% used [0x00000000d5580000,0x00000000e2553bb0,0x00000000e2600000)
  from space 20480K, 99% used [0x00000000e4080000,0x00000000e5479b90,0x00000000e5480000)
  to   space 23040K, 0% used [0x00000000e2780000,0x00000000e2780000,0x00000000e3e00000)
 ParOldGen       total 227840K, used 32588K [0x0000000080000000, 0x000000008de80000, 0x00000000d5580000)
  object space 227840K, 14% used [0x0000000080000000,0x0000000081fd3268,0x000000008de80000)
 Metaspace       used 68566K, capacity 71998K, committed 72232K, reserved 1112064K
  class space    used 9091K, capacity 9700K, committed 9776K, reserved 1048576K
GC Heap History (10 events):
Event: 6.265 GC heap before
{Heap before GC invocations=11 (full 2):
 PSYoungGen      total 157184K, used 156844K [0x00000000d5580000, 0x00000000e1200000, 0x0000000100000000)
  eden space 148992K, 100% used [0x00000000d5580000,0x00000000de700000,0x00000000de700000)
  from space 8192K, 95% used [0x00000000e0a00000,0x00000000e11ab0b0,0x00000000e1200000)
  to   space 11264K, 0% used [0x00000000dfc00000,0x00000000dfc00000,0x00000000e0700000)
 ParOldGen       total 152064K, used 14558K [0x0000000080000000, 0x0000000089480000, 0x00000000d5580000)
  object space 152064K, 9% used [0x0000000080000000,0x0000000080e37ae8,0x0000000089480000)
 Metaspace       used 51968K, capacity 54020K, committed 54312K, reserved 1095680K
  class space    used 6960K, capacity 7390K, committed 7472K, reserved 1048576K
Event: 6.284 GC heap after
Heap after GC invocations=11 (full 2):
 PSYoungGen      total 181760K, used 11236K [0x00000000d5580000, 0x00000000e2d80000, 0x0000000100000000)
  eden space 170496K, 0% used [0x00000000d5580000,0x00000000d5580000,0x00000000dfc00000)
  from space 11264K, 99% used [0x00000000dfc00000,0x00000000e06f9310,0x00000000e0700000)
  to   space 16896K, 0% used [0x00000000e1d00000,0x00000000e1d00000,0x00000000e2d80000)
 ParOldGen       total 152064K, used 26364K [0x0000000080000000, 0x0000000089480000, 0x00000000d5580000)
  object space 152064K, 17% used [0x0000000080000000,0x00000000819bf380,0x0000000089480000)
 Metaspace       used 51968K, capacity 54020K, committed 54312K, reserved 1095680K
  class space    used 6960K, capacity 7390K, committed 7472K, reserved 1048576K
}
Event: 6.959 GC heap before
{Heap before GC invocations=12 (full 2):
 PSYoungGen      total 181760K, used 67306K [0x00000000d5580000, 0x00000000e2d80000, 0x0000000100000000)
  eden space 170496K, 32% used [0x00000000d5580000,0x00000000d8c41548,0x00000000dfc00000)
  from space 11264K, 99% used [0x00000000dfc00000,0x00000000e06f9310,0x00000000e0700000)
  to   space 16896K, 0% used [0x00000000e1d00000,0x00000000e1d00000,0x00000000e2d80000)
 ParOldGen       total 152064K, used 26364K [0x0000000080000000, 0x0000000089480000, 0x00000000d5580000)
  object space 152064K, 17% used [0x0000000080000000,0x00000000819bf380,0x0000000089480000)
 Metaspace       used 56660K, capacity 59040K, committed 59160K, reserved 1099776K
  class space    used 7770K, capacity 8279K, committed 8368K, reserved 1048576K
Event: 6.974 GC heap after
Heap after GC invocations=12 (full 2):
 PSYoungGen      total 202240K, used 16885K [0x00000000d5580000, 0x00000000e4d80000, 0x0000000100000000)
  eden space 185344K, 0% used [0x00000000d5580000,0x00000000d5580000,0x00000000e0a80000)
  from space 16896K, 99% used [0x00000000e1d00000,0x00000000e2d7d5b8,0x00000000e2d80000)
  to   space 18944K, 0% used [0x00000000e0a80000,0x00000000e0a80000,0x00000000e1d00000)
 ParOldGen       total 152064K, used 26752K [0x0000000080000000, 0x0000000089480000, 0x00000000d5580000)
  object space 152064K, 17% used [0x0000000080000000,0x0000000081a20020,0x0000000089480000)
 Metaspace       used 56660K, capacity 59040K, committed 59160K, reserved 1099776K
  class space    used 7770K, capacity 8279K, committed 8368K, reserved 1048576K
}
Event: 6.974 GC heap before
{Heap before GC invocations=13 (full 3):
 PSYoungGen      total 202240K, used 16885K [0x00000000d5580000, 0x00000000e4d80000, 0x0000000100000000)
  eden space 185344K, 0% used [0x00000000d5580000,0x00000000d5580000,0x00000000e0a80000)
  from space 16896K, 99% used [0x00000000e1d00000,0x00000000e2d7d5b8,0x00000000e2d80000)
  to   space 18944K, 0% used [0x00000000e0a80000,0x00000000e0a80000,0x00000000e1d00000)
 ParOldGen       total 152064K, used 26752K [0x0000000080000000, 0x0000000089480000, 0x00000000d5580000)
  object space 152064K, 17% used [0x0000000080000000,0x0000000081a20020,0x0000000089480000)
 Metaspace       used 56660K, capacity 59040K, committed 59160K, reserved 1099776K
  class space    used 7770K, capacity 8279K, committed 8368K, reserved 1048576K
Event: 7.164 GC heap after
Heap after GC invocations=13 (full 3):
 PSYoungGen      total 202240K, used 0K [0x00000000d5580000, 0x00000000e4d80000, 0x0000000100000000)
  eden space 185344K, 0% used [0x00000000d5580000,0x00000000d5580000,0x00000000e0a80000)
  from space 16896K, 0% used [0x00000000e1d00000,0x00000000e1d00000,0x00000000e2d80000)
  to   space 18944K, 0% used [0x00000000e0a80000,0x00000000e0a80000,0x00000000e1d00000)
 ParOldGen       total 227840K, used 32042K [0x0000000080000000, 0x000000008de80000, 0x00000000d5580000)
  object space 227840K, 14% used [0x0000000080000000,0x0000000081f4a860,0x000000008de80000)
 Metaspace       used 56619K, capacity 58902K, committed 59160K, reserved 1099776K
  class space    used 7757K, capacity 8256K, committed 8368K, reserved 1048576K
}
Event: 9.169 GC heap before
{Heap before GC invocations=14 (full 3):
 PSYoungGen      total 202240K, used 185344K [0x00000000d5580000, 0x00000000e4d80000, 0x0000000100000000)
  eden space 185344K, 100% used [0x00000000d5580000,0x00000000e0a80000,0x00000000e0a80000)
  from space 16896K, 0% used [0x00000000e1d00000,0x00000000e1d00000,0x00000000e2d80000)
  to   space 18944K, 0% used [0x00000000e0a80000,0x00000000e0a80000,0x00000000e1d00000)
 ParOldGen       total 227840K, used 32042K [0x0000000080000000, 0x000000008de80000, 0x00000000d5580000)
  object space 227840K, 14% used [0x0000000080000000,0x0000000081f4a860,0x000000008de80000)
 Metaspace       used 63693K, capacity 66822K, committed 66984K, reserved 1107968K
  class space    used 8790K, capacity 9356K, committed 9392K, reserved 1048576K
Event: 9.181 GC heap after
Heap after GC invocations=14 (full 3):
 PSYoungGen      total 204288K, used 16374K [0x00000000d5580000, 0x00000000e5480000, 0x0000000100000000)
  eden space 185344K, 0% used [0x00000000d5580000,0x00000000d5580000,0x00000000e0a80000)
  from space 18944K, 86% used [0x00000000e0a80000,0x00000000e1a7d808,0x00000000e1d00000)
  to   space 20480K, 0% used [0x00000000e4080000,0x00000000e4080000,0x00000000e5480000)
 ParOldGen       total 227840K, used 32050K [0x0000000080000000, 0x000000008de80000, 0x00000000d5580000)
  object space 227840K, 14% used [0x0000000080000000,0x0000000081f4c860,0x000000008de80000)
 Metaspace       used 63693K, capacity 66822K, committed 66984K, reserved 1107968K
  class space    used 8790K, capacity 9356K, committed 9392K, reserved 1048576K
}
Event: 47.614 GC heap before
{Heap before GC invocations=15 (full 3):
 PSYoungGen      total 204288K, used 201718K [0x00000000d5580000, 0x00000000e5480000, 0x0000000100000000)
  eden space 185344K, 100% used [0x00000000d5580000,0x00000000e0a80000,0x00000000e0a80000)
  from space 18944K, 86% used [0x00000000e0a80000,0x00000000e1a7d808,0x00000000e1d00000)
  to   space 20480K, 0% used [0x00000000e4080000,0x00000000e4080000,0x00000000e5480000)
 ParOldGen       total 227840K, used 32050K [0x0000000080000000, 0x000000008de80000, 0x00000000d5580000)
  object space 227840K, 14% used [0x0000000080000000,0x0000000081f4c860,0x000000008de80000)
 Metaspace       used 67649K, capacity 70864K, committed 71208K, reserved 1112064K
  class space    used 9060K, capacity 9649K, committed 9776K, reserved 1048576K
Event: 47.634 GC heap after
Heap after GC invocations=15 (full 3):
 PSYoungGen      total 233984K, used 20454K [0x00000000d5580000, 0x00000000e5480000, 0x0000000100000000)
  eden space 213504K, 0% used [0x00000000d5580000,0x00000000d5580000,0x00000000e2600000)
  from space 20480K, 99% used [0x00000000e4080000,0x00000000e5479b90,0x00000000e5480000)
  to   space 23040K, 0% used [0x00000000e2780000,0x00000000e2780000,0x00000000e3e00000)
 ParOldGen       total 227840K, used 32588K [0x0000000080000000, 0x000000008de80000, 0x00000000d5580000)
  object space 227840K, 14% used [0x0000000080000000,0x0000000081fd3268,0x000000008de80000)
 Metaspace       used 67649K, capacity 70864K, committed 71208K, reserved 1112064K
  class space    used 9060K, capacity 9649K, committed 9776K, reserved 1048576K
}

