# JRE version: OpenJDK Runtime Environment (8.0_242-b01) (build 1.8.0_242-release-1644-b01)
# Java VM: OpenJDK 64-Bit Server VM (25.242-b01 mixed mode windows-amd64 compressed oops)
Heap:
 PSYoungGen      total 203264K, used 41818K [0x00000000d5580000, 0x00000000e4900000, 0x0000000100000000)
  eden space 186368K, 22% used [0x00000000d5580000,0x00000000d7e56b28,0x00000000e0b80000)
  from space 16896K, 0% used [0x00000000e1e00000,0x00000000e1e00000,0x00000000e2e80000)
  to   space 18944K, 0% used [0x00000000e0b80000,0x00000000e0b80000,0x00000000e1e00000)
 ParOldGen       total 235520K, used 38233K [0x0000000080000000, 0x000000008e600000, 0x00000000d5580000)
  object space 235520K, 16% used [0x0000000080000000,0x00000000825565e8,0x000000008e600000)
 Metaspace       used 59232K, capacity 61604K, committed 61720K, reserved 1101824K
  class space    used 8193K, capacity 8695K, committed 8752K, reserved 1048576K
GC Heap History (10 events):
Event: 3.197 GC heap before
{Heap before GC invocations=9 (full 2):
 PSYoungGen      total 114688K, used 8111K [0x00000000d5580000, 0x00000000e1100000, 0x0000000100000000)
  eden space 102912K, 0% used [0x00000000d5580000,0x00000000d5580000,0x00000000dba00000)
  from space 11776K, 68% used [0x00000000dba00000,0x00000000dc1ebd20,0x00000000dc580000)
  to   space 11264K, 0% used [0x00000000e0600000,0x00000000e0600000,0x00000000e1100000)
 ParOldGen       total 98304K, used 7423K [0x0000000080000000, 0x0000000086000000, 0x00000000d5580000)
  object space 98304K, 7% used [0x0000000080000000,0x000000008073fd78,0x0000000086000000)
 Metaspace       used 34281K, capacity 35398K, committed 35496K, reserved 1079296K
  class space    used 4724K, capacity 5002K, committed 5040K, reserved 1048576K
Event: 3.232 GC heap after
Heap after GC invocations=9 (full 2):
 PSYoungGen      total 114688K, used 0K [0x00000000d5580000, 0x00000000e1100000, 0x0000000100000000)
  eden space 102912K, 0% used [0x00000000d5580000,0x00000000d5580000,0x00000000dba00000)
  from space 11776K, 0% used [0x00000000dba00000,0x00000000dba00000,0x00000000dc580000)
  to   space 11264K, 0% used [0x00000000e0600000,0x00000000e0600000,0x00000000e1100000)
 ParOldGen       total 151552K, used 14534K [0x0000000080000000, 0x0000000089400000, 0x00000000d5580000)
  object space 151552K, 9% used [0x0000000080000000,0x0000000080e31ae8,0x0000000089400000)
 Metaspace       used 34281K, capacity 35398K, committed 35496K, reserved 1079296K
  class space    used 4724K, capacity 5002K, committed 5040K, reserved 1048576K
}
Event: 3.827 GC heap before
{Heap before GC invocations=10 (full 2):
 PSYoungGen      total 114688K, used 102912K [0x00000000d5580000, 0x00000000e1100000, 0x0000000100000000)
  eden space 102912K, 100% used [0x00000000d5580000,0x00000000dba00000,0x00000000dba00000)
  from space 11776K, 0% used [0x00000000dba00000,0x00000000dba00000,0x00000000dc580000)
  to   space 11264K, 0% used [0x00000000e0600000,0x00000000e0600000,0x00000000e1100000)
 ParOldGen       total 151552K, used 14534K [0x0000000080000000, 0x0000000089400000, 0x00000000d5580000)
  object space 151552K, 9% used [0x0000000080000000,0x0000000080e31ae8,0x0000000089400000)
 Metaspace       used 38003K, capacity 39698K, committed 39976K, reserved 1083392K
  class space    used 5250K, capacity 5593K, committed 5680K, reserved 1048576K
Event: 3.832 GC heap after
Heap after GC invocations=10 (full 2):
 PSYoungGen      total 157696K, used 7814K [0x00000000d5580000, 0x00000000e0e00000, 0x0000000100000000)
  eden space 149504K, 0% used [0x00000000d5580000,0x00000000d5580000,0x00000000de780000)
  from space 8192K, 95% used [0x00000000e0600000,0x00000000e0da1b90,0x00000000e0e00000)
  to   space 11264K, 0% used [0x00000000df800000,0x00000000df800000,0x00000000e0300000)
 ParOldGen       total 151552K, used 14542K [0x0000000080000000, 0x0000000089400000, 0x00000000d5580000)
  object space 151552K, 9% used [0x0000000080000000,0x0000000080e33ae8,0x0000000089400000)
 Metaspace       used 38003K, capacity 39698K, committed 39976K, reserved 1083392K
  class space    used 5250K, capacity 5593K, committed 5680K, reserved 1048576K
}
Event: 5.098 GC heap before
{Heap before GC invocations=11 (full 2):
 PSYoungGen      total 157696K, used 157318K [0x00000000d5580000, 0x00000000e0e00000, 0x0000000100000000)
  eden space 149504K, 100% used [0x00000000d5580000,0x00000000de780000,0x00000000de780000)
  from space 8192K, 95% used [0x00000000e0600000,0x00000000e0da1b90,0x00000000e0e00000)
  to   space 11264K, 0% used [0x00000000df800000,0x00000000df800000,0x00000000e0300000)
 ParOldGen       total 151552K, used 14542K [0x0000000080000000, 0x0000000089400000, 0x00000000d5580000)
  object space 151552K, 9% used [0x0000000080000000,0x0000000080e33ae8,0x0000000089400000)
 Metaspace       used 52131K, capacity 54208K, committed 54312K, reserved 1095680K
  class space    used 6982K, capacity 7428K, committed 7472K, reserved 1048576K
Event: 5.113 GC heap after
Heap after GC invocations=11 (full 2):
 PSYoungGen      total 177664K, used 11252K [0x00000000d5580000, 0x00000000e2e80000, 0x0000000100000000)
  eden space 166400K, 0% used [0x00000000d5580000,0x00000000d5580000,0x00000000df800000)
  from space 11264K, 99% used [0x00000000df800000,0x00000000e02fd320,0x00000000e0300000)
  to   space 16896K, 0% used [0x00000000e1e00000,0x00000000e1e00000,0x00000000e2e80000)
 ParOldGen       total 151552K, used 26686K [0x0000000080000000, 0x0000000089400000, 0x00000000d5580000)
  object space 151552K, 17% used [0x0000000080000000,0x0000000081a0f970,0x0000000089400000)
 Metaspace       used 52131K, capacity 54208K, committed 54312K, reserved 1095680K
  class space    used 6982K, capacity 7428K, committed 7472K, reserved 1048576K
}
Event: 5.588 GC heap before
{Heap before GC invocations=12 (full 2):
 PSYoungGen      total 177664K, used 62505K [0x00000000d5580000, 0x00000000e2e80000, 0x0000000100000000)
  eden space 166400K, 30% used [0x00000000d5580000,0x00000000d878d270,0x00000000df800000)
  from space 11264K, 99% used [0x00000000df800000,0x00000000e02fd320,0x00000000e0300000)
  to   space 16896K, 0% used [0x00000000e1e00000,0x00000000e1e00000,0x00000000e2e80000)
 ParOldGen       total 151552K, used 26686K [0x0000000080000000, 0x0000000089400000, 0x00000000d5580000)
  object space 151552K, 17% used [0x0000000080000000,0x0000000081a0f970,0x0000000089400000)
 Metaspace       used 56742K, capacity 59120K, committed 59160K, reserved 1099776K
  class space    used 7775K, capacity 8221K, committed 8240K, reserved 1048576K
Event: 5.599 GC heap after
Heap after GC invocations=12 (full 2):
 PSYoungGen      total 203264K, used 16881K [0x00000000d5580000, 0x00000000e4900000, 0x0000000100000000)
  eden space 186368K, 0% used [0x00000000d5580000,0x00000000d5580000,0x00000000e0b80000)
  from space 16896K, 99% used [0x00000000e1e00000,0x00000000e2e7c6c8,0x00000000e2e80000)
  to   space 18944K, 0% used [0x00000000e0b80000,0x00000000e0b80000,0x00000000e1e00000)
 ParOldGen       total 151552K, used 26921K [0x0000000080000000, 0x0000000089400000, 0x00000000d5580000)
  object space 151552K, 17% used [0x0000000080000000,0x0000000081a4a550,0x0000000089400000)
 Metaspace       used 56742K, capacity 59120K, committed 59160K, reserved 1099776K
  class space    used 7775K, capacity 8221K, committed 8240K, reserved 1048576K
}
Event: 5.599 GC heap before
{Heap before GC invocations=13 (full 3):
 PSYoungGen      total 203264K, used 16881K [0x00000000d5580000, 0x00000000e4900000, 0x0000000100000000)
  eden space 186368K, 0% used [0x00000000d5580000,0x00000000d5580000,0x00000000e0b80000)
  from space 16896K, 99% used [0x00000000e1e00000,0x00000000e2e7c6c8,0x00000000e2e80000)
  to   space 18944K, 0% used [0x00000000e0b80000,0x00000000e0b80000,0x00000000e1e00000)
 ParOldGen       total 151552K, used 26921K [0x0000000080000000, 0x0000000089400000, 0x00000000d5580000)
  object space 151552K, 17% used [0x0000000080000000,0x0000000081a4a550,0x0000000089400000)
 Metaspace       used 56742K, capacity 59120K, committed 59160K, reserved 1099776K
  class space    used 7775K, capacity 8221K, committed 8240K, reserved 1048576K
Event: 5.775 GC heap after
Heap after GC invocations=13 (full 3):
 PSYoungGen      total 203264K, used 0K [0x00000000d5580000, 0x00000000e4900000, 0x0000000100000000)
  eden space 186368K, 0% used [0x00000000d5580000,0x00000000d5580000,0x00000000e0b80000)
  from space 16896K, 0% used [0x00000000e1e00000,0x00000000e1e00000,0x00000000e2e80000)
  to   space 18944K, 0% used [0x00000000e0b80000,0x00000000e0b80000,0x00000000e1e00000)
 ParOldGen       total 235520K, used 38233K [0x0000000080000000, 0x000000008e600000, 0x00000000d5580000)
  object space 235520K, 16% used [0x0000000080000000,0x00000000825565e8,0x000000008e600000)
 Metaspace       used 56693K, capacity 58952K, committed 59160K, reserved 1099776K
  class space    used 7759K, capacity 8193K, committed 8240K, reserved 1048576K
}

