# JRE version: OpenJDK Runtime Environment (8.0_242-b01) (build 1.8.0_242-release-1644-b01)
# Java VM: OpenJDK 64-Bit Server VM (25.242-b01 mixed mode windows-amd64 compressed oops)
Heap:
 PSYoungGen      total 318976K, used 71178K [0x00000000d5580000, 0x00000000eaa80000, 0x0000000100000000)
  eden space 301056K, 23% used [0x00000000d5580000,0x00000000d9b02b00,0x00000000e7b80000)
  from space 17920K, 0% used [0x00000000e9200000,0x00000000e9200000,0x00000000ea380000)
  to   space 23040K, 0% used [0x00000000e7b80000,0x00000000e7b80000,0x00000000e9200000)
 ParOldGen       total 150528K, used 36148K [0x0000000080000000, 0x0000000089300000, 0x00000000d5580000)
  object space 150528K, 24% used [0x0000000080000000,0x000000008234d2b8,0x0000000089300000)
 Metaspace       used 61217K, capacity 63750K, committed 63896K, reserved 1103872K
  class space    used 8483K, capacity 9016K, committed 9136K, reserved 1048576K
GC Heap History (10 events):
Event: 2.992 GC heap before
{Heap before GC invocations=7 (full 1):
 PSYoungGen      total 140800K, used 44428K [0x00000000d5580000, 0x00000000e4080000, 0x0000000100000000)
  eden space 130048K, 25% used [0x00000000d5580000,0x00000000d7663608,0x00000000dd480000)
  from space 10752K, 99% used [0x00000000dd480000,0x00000000ddeffa88,0x00000000ddf00000)
  to   space 15872K, 0% used [0x00000000e3100000,0x00000000e3100000,0x00000000e4080000)
 ParOldGen       total 96768K, used 10631K [0x0000000080000000, 0x0000000085e80000, 0x00000000d5580000)
  object space 96768K, 10% used [0x0000000080000000,0x0000000080a61d78,0x0000000085e80000)
 Metaspace       used 34331K, capacity 35404K, committed 35496K, reserved 1079296K
  class space    used 4725K, capacity 5003K, committed 5040K, reserved 1048576K
Event: 2.997 GC heap after
Heap after GC invocations=7 (full 1):
 PSYoungGen      total 225792K, used 8296K [0x00000000d5580000, 0x00000000e4400000, 0x0000000100000000)
  eden space 209920K, 0% used [0x00000000d5580000,0x00000000d5580000,0x00000000e2280000)
  from space 15872K, 52% used [0x00000000e3100000,0x00000000e391a098,0x00000000e4080000)
  to   space 14848K, 0% used [0x00000000e2280000,0x00000000e2280000,0x00000000e3100000)
 ParOldGen       total 96768K, used 10639K [0x0000000080000000, 0x0000000085e80000, 0x00000000d5580000)
  object space 96768K, 10% used [0x0000000080000000,0x0000000080a63d78,0x0000000085e80000)
 Metaspace       used 34331K, capacity 35404K, committed 35496K, reserved 1079296K
  class space    used 4725K, capacity 5003K, committed 5040K, reserved 1048576K
}
Event: 2.997 GC heap before
{Heap before GC invocations=8 (full 2):
 PSYoungGen      total 225792K, used 8296K [0x00000000d5580000, 0x00000000e4400000, 0x0000000100000000)
  eden space 209920K, 0% used [0x00000000d5580000,0x00000000d5580000,0x00000000e2280000)
  from space 15872K, 52% used [0x00000000e3100000,0x00000000e391a098,0x00000000e4080000)
  to   space 14848K, 0% used [0x00000000e2280000,0x00000000e2280000,0x00000000e3100000)
 ParOldGen       total 96768K, used 10639K [0x0000000080000000, 0x0000000085e80000, 0x00000000d5580000)
  object space 96768K, 10% used [0x0000000080000000,0x0000000080a63d78,0x0000000085e80000)
 Metaspace       used 34331K, capacity 35404K, committed 35496K, reserved 1079296K
  class space    used 4725K, capacity 5003K, committed 5040K, reserved 1048576K
Event: 3.031 GC heap after
Heap after GC invocations=8 (full 2):
 PSYoungGen      total 225792K, used 0K [0x00000000d5580000, 0x00000000e4400000, 0x0000000100000000)
  eden space 209920K, 0% used [0x00000000d5580000,0x00000000d5580000,0x00000000e2280000)
  from space 15872K, 0% used [0x00000000e3100000,0x00000000e3100000,0x00000000e4080000)
  to   space 14848K, 0% used [0x00000000e2280000,0x00000000e2280000,0x00000000e3100000)
 ParOldGen       total 150528K, used 14718K [0x0000000080000000, 0x0000000089300000, 0x00000000d5580000)
  object space 150528K, 9% used [0x0000000080000000,0x0000000080e5fa78,0x0000000089300000)
 Metaspace       used 34331K, capacity 35404K, committed 35496K, reserved 1079296K
  class space    used 4725K, capacity 5003K, committed 5040K, reserved 1048576K
}
Event: 4.141 GC heap before
{Heap before GC invocations=9 (full 2):
 PSYoungGen      total 225792K, used 209920K [0x00000000d5580000, 0x00000000e4400000, 0x0000000100000000)
  eden space 209920K, 100% used [0x00000000d5580000,0x00000000e2280000,0x00000000e2280000)
  from space 15872K, 0% used [0x00000000e3100000,0x00000000e3100000,0x00000000e4080000)
  to   space 14848K, 0% used [0x00000000e2280000,0x00000000e2280000,0x00000000e3100000)
 ParOldGen       total 150528K, used 14718K [0x0000000080000000, 0x0000000089300000, 0x00000000d5580000)
  object space 150528K, 9% used [0x0000000080000000,0x0000000080e5fa78,0x0000000089300000)
 Metaspace       used 45661K, capacity 47516K, committed 47784K, reserved 1091584K
  class space    used 6187K, capacity 6556K, committed 6576K, reserved 1048576K
Event: 4.151 GC heap after
Heap after GC invocations=9 (full 2):
 PSYoungGen      total 224768K, used 14842K [0x00000000d5580000, 0x00000000ea380000, 0x0000000100000000)
  eden space 209920K, 0% used [0x00000000d5580000,0x00000000d5580000,0x00000000e2280000)
  from space 14848K, 99% used [0x00000000e2280000,0x00000000e30febe8,0x00000000e3100000)
  to   space 17920K, 0% used [0x00000000e9200000,0x00000000e9200000,0x00000000ea380000)
 ParOldGen       total 150528K, used 16682K [0x0000000080000000, 0x0000000089300000, 0x00000000d5580000)
  object space 150528K, 11% used [0x0000000080000000,0x000000008104a908,0x0000000089300000)
 Metaspace       used 45661K, capacity 47516K, committed 47784K, reserved 1091584K
  class space    used 6187K, capacity 6556K, committed 6576K, reserved 1048576K
}
Event: 5.194 GC heap before
{Heap before GC invocations=10 (full 2):
 PSYoungGen      total 224768K, used 147828K [0x00000000d5580000, 0x00000000ea380000, 0x0000000100000000)
  eden space 209920K, 63% used [0x00000000d5580000,0x00000000dd75e660,0x00000000e2280000)
  from space 14848K, 99% used [0x00000000e2280000,0x00000000e30febe8,0x00000000e3100000)
  to   space 17920K, 0% used [0x00000000e9200000,0x00000000e9200000,0x00000000ea380000)
 ParOldGen       total 150528K, used 16682K [0x0000000080000000, 0x0000000089300000, 0x00000000d5580000)
  object space 150528K, 11% used [0x0000000080000000,0x000000008104a908,0x0000000089300000)
 Metaspace       used 56710K, capacity 59084K, committed 59160K, reserved 1099776K
  class space    used 7768K, capacity 8215K, committed 8240K, reserved 1048576K
Event: 5.209 GC heap after
Heap after GC invocations=10 (full 2):
 PSYoungGen      total 318976K, used 17904K [0x00000000d5580000, 0x00000000eaa80000, 0x0000000100000000)
  eden space 301056K, 0% used [0x00000000d5580000,0x00000000d5580000,0x00000000e7b80000)
  from space 17920K, 99% used [0x00000000e9200000,0x00000000ea37c190,0x00000000ea380000)
  to   space 23040K, 0% used [0x00000000e7b80000,0x00000000e7b80000,0x00000000e9200000)
 ParOldGen       total 150528K, used 23127K [0x0000000080000000, 0x0000000089300000, 0x00000000d5580000)
  object space 150528K, 15% used [0x0000000080000000,0x0000000081695c38,0x0000000089300000)
 Metaspace       used 56710K, capacity 59084K, committed 59160K, reserved 1099776K
  class space    used 7768K, capacity 8215K, committed 8240K, reserved 1048576K
}
Event: 5.209 GC heap before
{Heap before GC invocations=11 (full 3):
 PSYoungGen      total 318976K, used 17904K [0x00000000d5580000, 0x00000000eaa80000, 0x0000000100000000)
  eden space 301056K, 0% used [0x00000000d5580000,0x00000000d5580000,0x00000000e7b80000)
  from space 17920K, 99% used [0x00000000e9200000,0x00000000ea37c190,0x00000000ea380000)
  to   space 23040K, 0% used [0x00000000e7b80000,0x00000000e7b80000,0x00000000e9200000)
 ParOldGen       total 150528K, used 23127K [0x0000000080000000, 0x0000000089300000, 0x00000000d5580000)
  object space 150528K, 15% used [0x0000000080000000,0x0000000081695c38,0x0000000089300000)
 Metaspace       used 56710K, capacity 59084K, committed 59160K, reserved 1099776K
  class space    used 7768K, capacity 8215K, committed 8240K, reserved 1048576K
Event: 5.387 GC heap after
Heap after GC invocations=11 (full 3):
 PSYoungGen      total 318976K, used 0K [0x00000000d5580000, 0x00000000eaa80000, 0x0000000100000000)
  eden space 301056K, 0% used [0x00000000d5580000,0x00000000d5580000,0x00000000e7b80000)
  from space 17920K, 0% used [0x00000000e9200000,0x00000000e9200000,0x00000000ea380000)
  to   space 23040K, 0% used [0x00000000e7b80000,0x00000000e7b80000,0x00000000e9200000)
 ParOldGen       total 150528K, used 36148K [0x0000000080000000, 0x0000000089300000, 0x00000000d5580000)
  object space 150528K, 24% used [0x0000000080000000,0x000000008234d2b8,0x0000000089300000)
 Metaspace       used 56671K, capacity 58952K, committed 59160K, reserved 1099776K
  class space    used 7756K, capacity 8193K, committed 8240K, reserved 1048576K
}

